<?xml version="1.0" encoding="UTF-8"?>
<testng-results ignored="0" total="1" passed="1" failed="0" skipped="0">
  <reporter-output>
  </reporter-output>
  <suite started-at="2026-05-29T22:55:05 IST" name="MasterSuite" finished-at="2026-05-29T22:55:12 IST" duration-ms="6372">
    <groups>
    </groups>
    <test started-at="2026-05-29T22:55:05 IST" name="Test" finished-at="2026-05-29T22:55:12 IST" duration-ms="6372">
      <class name="testCases.TC002_LoginTest">
        <test-method is-config="true" signature="setUP(java.lang.String,java.lang.String)[pri:0, instance:testCases.TC002_LoginTest@1e800aaa]" started-at="2026-05-29T22:55:05 IST" name="setUP" finished-at="2026-05-29T22:55:09 IST" duration-ms="3303" status="PASS">
          <params>
            <param index="0">
              <value>
                <![CDATA[Windows]]>
              </value>
            </param>
            <param index="1">
              <value>
                <![CDATA[chrome]]>
              </value>
            </param>
          </params>
          <reporter-output>
          </reporter-output>
        </test-method> <!-- setUP -->
        <test-method signature="verify_login()[pri:0, instance:testCases.TC002_LoginTest@1e800aaa]" started-at="2026-05-29T22:55:09 IST" name="verify_login" finished-at="2026-05-29T22:55:11 IST" duration-ms="2740" status="PASS">
          <reporter-output>
          </reporter-output>
        </test-method> <!-- verify_login -->
        <test-method is-config="true" signature="tearDown()[pri:0, instance:testCases.TC002_LoginTest@1e800aaa]" started-at="2026-05-29T22:55:11 IST" name="tearDown" finished-at="2026-05-29T22:55:12 IST" duration-ms="267" status="PASS">
          <reporter-output>
          </reporter-output>
        </test-method> <!-- tearDown -->
      </class> <!-- testCases.TC002_LoginTest -->
    </test> <!-- Test -->
  </suite> <!-- MasterSuite -->
</testng-results>
